Using pre-set license
Built from '2020.3/staging' branch; Version is '2020.3.16f1 (049d6eca3c44) revision 302446'; Using compiler version '192528614'; Build Type 'Release'
OS: 'Windows 10 Pro; OS build 19043.1165; Version 2009; 64bit' Language: 'es' Physical Memory: 32699 MB
BatchMode: 1, IsHumanControllingUs: 0, StartBugReporterOnCrash: 0, Is64bit: 1, IsPro: 0

 COMMAND LINE ARGUMENTS:
C:\Program Files\Unity\Hub\Editor\2020.3.16f1\Editor\Unity.exe
-adb2
-batchMode
-noUpm
-name
AssetImportWorker0
-projectPath
I:/Git/Brackeys 2021/Havocat/HavoCat
-logFile
Logs/AssetImportWorker0.log
-srvPort
56531
Successfully changed project path to: I:/Git/Brackeys 2021/Havocat/HavoCat
I:/Git/Brackeys 2021/Havocat/HavoCat
Using Asset Import Pipeline V2.
Refreshing native plugins compatible for Editor in 28.74 ms, found 2 plugins.
Preloading 0 native plugins for Editor in 0.00 ms.
Initialize engine version: 2020.3.16f1 (049d6eca3c44)
[Subsystems] Discovering subsystems at path C:/Program Files/Unity/Hub/Editor/2020.3.16f1/Editor/Data/Resources/UnitySubsystems
[Subsystems] Discovering subsystems at path I:/Git/Brackeys 2021/Havocat/HavoCat/Assets
GfxDevice: creating device client; threaded=0
Direct3D:
    Version:  Direct3D 11.0 [level 11.1]
    Renderer: NVIDIA GeForce GTX 1060 3GB (ID=0x1c02)
    Vendor:   
    VRAM:     2988 MB
    Driver:   30.0.14.7141
Initialize mono
Mono path[0] = 'C:/Program Files/Unity/Hub/Editor/2020.3.16f1/Editor/Data/Managed'
Mono path[1] = 'C:/Program Files/Unity/Hub/Editor/2020.3.16f1/Editor/Data/MonoBleedingEdge/lib/mono/unityjit'
Mono config path = 'C:/Program Files/Unity/Hub/Editor/2020.3.16f1/Editor/Data/MonoBleedingEdge/etc'
Using monoOptions --debugger-agent=transport=dt_socket,embedding=1,server=y,suspend=n,address=127.0.0.1:56644
Begin MonoManager ReloadAssembly
Registering precompiled unity dll's ...
Register platform support module: C:/Program Files/Unity/Hub/Editor/2020.3.16f1/Editor/Data/PlaybackEngines/WindowsStandaloneSupport/UnityEditor.WindowsStandalone.Extensions.dll
Registered in 0.001908 seconds.
Native extension for WindowsStandalone target not found
Refreshing native plugins compatible for Editor in 31.71 ms, found 2 plugins.
Preloading 0 native plugins for Editor in 0.00 ms.
Mono: successfully reloaded assembly
- Completed reload, in  0.891 seconds
Domain Reload Profiling:
	ReloadAssembly (891ms)
		BeginReloadAssembly (45ms)
			ExecutionOrderSort (0ms)
			DisableScriptedObjects (0ms)
			BackupInstance (0ms)
			ReleaseScriptingObjects (0ms)
			CreateAndSetChildDomain (1ms)
		EndReloadAssembly (365ms)
			LoadAssemblies (43ms)
			RebuildTransferFunctionScriptingTraits (0ms)
			SetupTypeCache (130ms)
			ReleaseScriptCaches (0ms)
			RebuildScriptCaches (29ms)
			SetupLoadedEditorAssemblies (139ms)
				LogAssemblyErrors (0ms)
				InitializePlatformSupportModulesInManaged (4ms)
				SetLoadedEditorAssemblies (0ms)
				RefreshPlugins (32ms)
				BeforeProcessingInitializeOnLoad (14ms)
				ProcessInitializeOnLoadAttributes (67ms)
				ProcessInitializeOnLoadMethodAttributes (23ms)
				AfterProcessingInitializeOnLoad (0ms)
				EditorAssembliesLoaded (0ms)
			ExecutionOrderSort2 (0ms)
			AwakeInstancesAfterBackupRestoration (0ms)
Platform modules already initialized, skipping
Registering precompiled user dll's ...
Registered in 0.003129 seconds.
Begin MonoManager ReloadAssembly
Native extension for WindowsStandalone target not found
Refreshing native plugins compatible for Editor in 0.38 ms, found 2 plugins.
Preloading 0 native plugins for Editor in 0.00 ms.
Mono: successfully reloaded assembly
- Completed reload, in  0.939 seconds
Domain Reload Profiling:
	ReloadAssembly (939ms)
		BeginReloadAssembly (133ms)
			ExecutionOrderSort (0ms)
			DisableScriptedObjects (4ms)
			BackupInstance (0ms)
			ReleaseScriptingObjects (0ms)
			CreateAndSetChildDomain (15ms)
		EndReloadAssembly (755ms)
			LoadAssemblies (69ms)
			RebuildTransferFunctionScriptingTraits (0ms)
			SetupTypeCache (238ms)
			ReleaseScriptCaches (0ms)
			RebuildScriptCaches (42ms)
			SetupLoadedEditorAssemblies (324ms)
				LogAssemblyErrors (0ms)
				InitializePlatformSupportModulesInManaged (4ms)
				SetLoadedEditorAssemblies (0ms)
				RefreshPlugins (0ms)
				BeforeProcessingInitializeOnLoad (63ms)
				ProcessInitializeOnLoadAttributes (246ms)
				ProcessInitializeOnLoadMethodAttributes (4ms)
				AfterProcessingInitializeOnLoad (5ms)
				EditorAssembliesLoaded (0ms)
			ExecutionOrderSort2 (0ms)
			AwakeInstancesAfterBackupRestoration (5ms)
Platform modules already initialized, skipping
========================================================================
Worker process is ready to serve import requests
Launched and connected shader compiler UnityShaderCompiler.exe after 0.06 seconds
Refreshing native plugins compatible for Editor in 0.48 ms, found 2 plugins.
Preloading 0 native plugins for Editor in 0.00 ms.
Unloading 1546 Unused Serialized files (Serialized files now loaded: 0)
System memory in use before: 71.7 MB.
System memory in use after: 71.7 MB.

Unloading 19 unused Assets to reduce memory usage. Loaded Objects now: 1980.
Total: 2.123300 ms (FindLiveObjects: 0.132200 ms CreateObjectMapping: 0.043700 ms MarkObjects: 1.896800 ms  DeleteObjects: 0.049400 ms)

AssetImportParameters requested are different than current active one (requested -> active):
  custom:framework-win-MediaFoundation: 216162199b28c13a410421893ffa2e32 -> 
  custom:video-decoder-ogg-theora: a1e56fd34408186e4bbccfd4996cb3dc -> 
  custom:container-muxer-webm: aa71ff27fc2769a1b78a27578f13a17b -> 
  custom:container-demuxer-webm: 4f35f7cbe854078d1ac9338744f61a02 -> 
  custom:container-demuxer-ogg: 62fdf1f143b41e24485cea50d1cbac27 -> 
  custom:video-encoder-webm-vp8: eb34c28f22e8b96e1ab97ce403110664 -> 
  custom:video-decoder-webm-vp8: 9c59270c3fd7afecdb556c50c9e8de78 -> 
  custom:audio-decoder-ogg-vorbis: bf7c407c2cedff20999df2af8eb42d56 -> 
  custom:audio-encoder-webm-vorbis: bf7c407c2cedff20999df2af8eb42d56 -> 
========================================================================
Received Import Request.
  path: Assets/LowPolyInterior/Models/KithcenObjects/Bacon.fbx
  artifactKey: Guid(611e5621cfe9d73408498863095a23e5) Importer(815301076,1909f56bfc062723c751e8b465ee728b)
Start importing Assets/LowPolyInterior/Models/KithcenObjects/Bacon.fbx using Guid(611e5621cfe9d73408498863095a23e5) Importer(815301076,1909f56bfc062723c751e8b465ee728b)  -> (artifact id: '109c2fc4d855f8946657282d09ee9959') in 0.133398 seconds 
  Import took 0.135451 seconds .

========================================================================
Received Import Request.
  Time since last request: 0.000159 seconds.
  path: Assets/LowPolyInterior/Models/Kitchen/BarChair_01.fbx
  artifactKey: Guid(23bd65e996e9f294c9fd86567355e778) Importer(815301076,1909f56bfc062723c751e8b465ee728b)
Start importing Assets/LowPolyInterior/Models/Kitchen/BarChair_01.fbx using Guid(23bd65e996e9f294c9fd86567355e778) Importer(815301076,1909f56bfc062723c751e8b465ee728b)  -> (artifact id: '4a147aa96900807891b71073fbce81c0') in 0.018808 seconds 
  Import took 0.022055 seconds .

========================================================================
Received Import Request.
  Time since last request: 0.000182 seconds.
  path: Assets/LowPolyInterior/Models/KithcenObjects/Banana.fbx
  artifactKey: Guid(6366d73efede14c43bc2a9b8568c3de1) Importer(815301076,1909f56bfc062723c751e8b465ee728b)
Start importing Assets/LowPolyInterior/Models/KithcenObjects/Banana.fbx using Guid(6366d73efede14c43bc2a9b8568c3de1) Importer(815301076,1909f56bfc062723c751e8b465ee728b)  -> (artifact id: '0ee084077b5595be325ff1a24e8444d8') in 0.020216 seconds 
  Import took 0.022829 seconds .

========================================================================
Received Import Request.
  Time since last request: 0.000163 seconds.
  path: Assets/LowPolyInterior/Models/Kitchen/Bar_02.fbx
  artifactKey: Guid(887c3cc5ee2b4474b8050e05480becec) Importer(815301076,1909f56bfc062723c751e8b465ee728b)
Start importing Assets/LowPolyInterior/Models/Kitchen/Bar_02.fbx using Guid(887c3cc5ee2b4474b8050e05480becec) Importer(815301076,1909f56bfc062723c751e8b465ee728b)  -> (artifact id: '1dcd1d43d688bd0b37155b3190be4104') in 0.017837 seconds 
  Import took 0.020155 seconds .

========================================================================
Received Import Request.
  Time since last request: 0.000191 seconds.
  path: Assets/LowPolyInterior/Models/Kitchen/BarChair_02.fbx
  artifactKey: Guid(c53e8006e5cd5be4aa406ba5a0094efa) Importer(815301076,1909f56bfc062723c751e8b465ee728b)
Start importing Assets/LowPolyInterior/Models/Kitchen/BarChair_02.fbx using Guid(c53e8006e5cd5be4aa406ba5a0094efa) Importer(815301076,1909f56bfc062723c751e8b465ee728b)  -> (artifact id: 'a65d21de3c324275179c2df992ec5c4e') in 0.019821 seconds 
  Import took 0.022350 seconds .

========================================================================
Received Import Request.
  Time since last request: 0.000165 seconds.
  path: Assets/LowPolyInterior/Models/Room/Bed1_02.fbx
  artifactKey: Guid(a4817afa44b7fd44f8e08f7eb7efd934) Importer(815301076,1909f56bfc062723c751e8b465ee728b)
Start importing Assets/LowPolyInterior/Models/Room/Bed1_02.fbx using Guid(a4817afa44b7fd44f8e08f7eb7efd934) Importer(815301076,1909f56bfc062723c751e8b465ee728b)  -> (artifact id: 'b67154d235cf0b04b91c238f1f00fc92') in 0.021061 seconds 
  Import took 0.023987 seconds .

========================================================================
Received Import Request.
  Time since last request: 0.000150 seconds.
  path: Assets/LowPolyInterior/Models/Kitchen/Bar_01.fbx
  artifactKey: Guid(1703b22289e726d4ca94c89cabdfbfbd) Importer(815301076,1909f56bfc062723c751e8b465ee728b)
Start importing Assets/LowPolyInterior/Models/Kitchen/Bar_01.fbx using Guid(1703b22289e726d4ca94c89cabdfbfbd) Importer(815301076,1909f56bfc062723c751e8b465ee728b)  -> (artifact id: 'a8d0bac194acd2e8a7de97fa588e79d0') in 0.018190 seconds 
  Import took 0.020325 seconds .

========================================================================
Received Import Request.
  Time since last request: 0.000162 seconds.
  path: Assets/LowPolyInterior/Models/Room/Bed1_03.fbx
  artifactKey: Guid(e6b2b2fcc68f7bd4c941a0e9ae921b8b) Importer(815301076,1909f56bfc062723c751e8b465ee728b)
Start importing Assets/LowPolyInterior/Models/Room/Bed1_03.fbx using Guid(e6b2b2fcc68f7bd4c941a0e9ae921b8b) Importer(815301076,1909f56bfc062723c751e8b465ee728b)  -> (artifact id: '33962867da78c65d849b99bc00696143') in 0.018869 seconds 
  Import took 0.021527 seconds .

========================================================================
Received Import Request.
  Time since last request: 0.000177 seconds.
  path: Assets/LowPolyInterior/Models/KithcenObjects/Apple.fbx
  artifactKey: Guid(cff7868a890c46d48bd2ac3a92534a67) Importer(815301076,1909f56bfc062723c751e8b465ee728b)
Start importing Assets/LowPolyInterior/Models/KithcenObjects/Apple.fbx using Guid(cff7868a890c46d48bd2ac3a92534a67) Importer(815301076,1909f56bfc062723c751e8b465ee728b)  -> (artifact id: 'de121876d6eee0afad3c9ef1f74774d6') in 0.022169 seconds 
  Import took 0.024325 seconds .

========================================================================
Received Import Request.
  Time since last request: 0.000165 seconds.
  path: Assets/LowPolyInterior/Models/Room/Bed1_01.fbx
  artifactKey: Guid(003ae24e4e7dee846a4b2d7021b01df8) Importer(815301076,1909f56bfc062723c751e8b465ee728b)
Start importing Assets/LowPolyInterior/Models/Room/Bed1_01.fbx using Guid(003ae24e4e7dee846a4b2d7021b01df8) Importer(815301076,1909f56bfc062723c751e8b465ee728b)  -> (artifact id: 'fe5b7955d746be67e46a096dbfc63bf5') in 0.021048 seconds 
  Import took 0.023169 seconds .

========================================================================
Received Import Request.
  Time since last request: 0.000140 seconds.
  path: Assets/LowPolyInterior/Models/Room/AirCondition.fbx
  artifactKey: Guid(9784f0995ad584b45ae01701c3876039) Importer(815301076,1909f56bfc062723c751e8b465ee728b)
Start importing Assets/LowPolyInterior/Models/Room/AirCondition.fbx using Guid(9784f0995ad584b45ae01701c3876039) Importer(815301076,1909f56bfc062723c751e8b465ee728b)  -> (artifact id: 'cb0844f1cb707ba2c870b9ba213b1077') in 0.016032 seconds 
  Import took 0.017977 seconds .

========================================================================
Received Import Request.
  Time since last request: 0.926959 seconds.
  path: Assets/LowPolyInterior/Models/Room/Catpet_01.fbx
  artifactKey: Guid(1203652034964c343a212df6cfc4b0a7) Importer(815301076,1909f56bfc062723c751e8b465ee728b)
Start importing Assets/LowPolyInterior/Models/Room/Catpet_01.fbx using Guid(1203652034964c343a212df6cfc4b0a7) Importer(815301076,1909f56bfc062723c751e8b465ee728b)  -> (artifact id: '88de2c460c75e7af69862bd01d7ae271') in 0.017631 seconds 
  Import took 0.019659 seconds .

========================================================================
Received Import Request.
  Time since last request: 0.000143 seconds.
  path: Assets/LowPolyInterior/Models/Room/Catpet_04.fbx
  artifactKey: Guid(4b1b612e071db4743a9f58aa19251477) Importer(815301076,1909f56bfc062723c751e8b465ee728b)
Start importing Assets/LowPolyInterior/Models/Room/Catpet_04.fbx using Guid(4b1b612e071db4743a9f58aa19251477) Importer(815301076,1909f56bfc062723c751e8b465ee728b)  -> (artifact id: 'd1dd17cbdc72062ad5e7a1e9f797f01c') in 0.020576 seconds 
  Import took 0.023921 seconds .

========================================================================
Received Import Request.
  Time since last request: 0.000437 seconds.
  path: Assets/LowPolyInterior/Models/Room/Catpet_05.fbx
  artifactKey: Guid(33e9f59417d7ac748a37fddbe587af61) Importer(815301076,1909f56bfc062723c751e8b465ee728b)
Start importing Assets/LowPolyInterior/Models/Room/Catpet_05.fbx using Guid(33e9f59417d7ac748a37fddbe587af61) Importer(815301076,1909f56bfc062723c751e8b465ee728b)  -> (artifact id: 'cac13be074d1d940b117c38bf686bbac') in 0.022665 seconds 
  Import took 0.025861 seconds .

========================================================================
Received Import Request.
  Time since last request: 0.000242 seconds.
  path: Assets/LowPolyInterior/Models/Room/Catpet_02.fbx
  artifactKey: Guid(403a990995e0ab048b5e5bdfa5ce1733) Importer(815301076,1909f56bfc062723c751e8b465ee728b)
Start importing Assets/LowPolyInterior/Models/Room/Catpet_02.fbx using Guid(403a990995e0ab048b5e5bdfa5ce1733) Importer(815301076,1909f56bfc062723c751e8b465ee728b)  -> (artifact id: 'a18312a9c2f54d6d6f7944bd77ce3d90') in 0.024931 seconds 
  Import took 0.028497 seconds .

========================================================================
Received Import Request.
  Time since last request: 0.000185 seconds.
  path: Assets/LowPolyInterior/Models/Room/Catpet_03.fbx
  artifactKey: Guid(3b2f539ff6ef96649946e374f78c1210) Importer(815301076,1909f56bfc062723c751e8b465ee728b)
Start importing Assets/LowPolyInterior/Models/Room/Catpet_03.fbx using Guid(3b2f539ff6ef96649946e374f78c1210) Importer(815301076,1909f56bfc062723c751e8b465ee728b)  -> (artifact id: '330d60fc45a85fd93aba296f5b9d8e98') in 0.017482 seconds 
  Import took 0.020640 seconds .

========================================================================
Received Prepare
Registering precompiled user dll's ...
Registered in 0.003960 seconds.
Begin MonoManager ReloadAssembly
Native extension for WindowsStandalone target not found
Refreshing native plugins compatible for Editor in 0.32 ms, found 2 plugins.
Preloading 0 native plugins for Editor in 0.00 ms.
Mono: successfully reloaded assembly
- Completed reload, in  0.894 seconds
Domain Reload Profiling:
	ReloadAssembly (894ms)
		BeginReloadAssembly (88ms)
			ExecutionOrderSort (0ms)
			DisableScriptedObjects (3ms)
			BackupInstance (0ms)
			ReleaseScriptingObjects (0ms)
			CreateAndSetChildDomain (28ms)
		EndReloadAssembly (749ms)
			LoadAssemblies (67ms)
			RebuildTransferFunctionScriptingTraits (0ms)
			SetupTypeCache (248ms)
			ReleaseScriptCaches (1ms)
			RebuildScriptCaches (41ms)
			SetupLoadedEditorAssemblies (314ms)
				LogAssemblyErrors (0ms)
				InitializePlatformSupportModulesInManaged (4ms)
				SetLoadedEditorAssemblies (0ms)
				RefreshPlugins (0ms)
				BeforeProcessingInitializeOnLoad (60ms)
				ProcessInitializeOnLoadAttributes (240ms)
				ProcessInitializeOnLoadMethodAttributes (3ms)
				AfterProcessingInitializeOnLoad (6ms)
				EditorAssembliesLoaded (0ms)
			ExecutionOrderSort2 (0ms)
			AwakeInstancesAfterBackupRestoration (6ms)
Platform modules already initialized, skipping
Refreshing native plugins compatible for Editor in 0.31 ms, found 2 plugins.
Preloading 0 native plugins for Editor in 0.00 ms.
Unloading 1538 Unused Serialized files (Serialized files now loaded: 0)
System memory in use before: 74.7 MB.
System memory in use after: 74.8 MB.

Unloading 15 unused Assets to reduce memory usage. Loaded Objects now: 1992.
Total: 2.170000 ms (FindLiveObjects: 0.122200 ms CreateObjectMapping: 0.043600 ms MarkObjects: 1.987300 ms  DeleteObjects: 0.016100 ms)

AssetImportParameters requested are different than current active one (requested -> active):
  custom:framework-win-MediaFoundation: 216162199b28c13a410421893ffa2e32 -> 
  custom:video-decoder-ogg-theora: a1e56fd34408186e4bbccfd4996cb3dc -> 
  custom:container-muxer-webm: aa71ff27fc2769a1b78a27578f13a17b -> 
  custom:container-demuxer-webm: 4f35f7cbe854078d1ac9338744f61a02 -> 
  custom:container-demuxer-ogg: 62fdf1f143b41e24485cea50d1cbac27 -> 
  custom:video-encoder-webm-vp8: eb34c28f22e8b96e1ab97ce403110664 -> 
  custom:video-decoder-webm-vp8: 9c59270c3fd7afecdb556c50c9e8de78 -> 
  custom:audio-decoder-ogg-vorbis: bf7c407c2cedff20999df2af8eb42d56 -> 
  custom:audio-encoder-webm-vorbis: bf7c407c2cedff20999df2af8eb42d56 -> 
========================================================================
Received Prepare
Registering precompiled user dll's ...
Registered in 0.003760 seconds.
Begin MonoManager ReloadAssembly
Native extension for WindowsStandalone target not found
Refreshing native plugins compatible for Editor in 0.32 ms, found 2 plugins.
Preloading 0 native plugins for Editor in 0.00 ms.
Mono: successfully reloaded assembly
- Completed reload, in  0.891 seconds
Domain Reload Profiling:
	ReloadAssembly (892ms)
		BeginReloadAssembly (87ms)
			ExecutionOrderSort (0ms)
			DisableScriptedObjects (5ms)
			BackupInstance (0ms)
			ReleaseScriptingObjects (0ms)
			CreateAndSetChildDomain (25ms)
		EndReloadAssembly (752ms)
			LoadAssemblies (70ms)
			RebuildTransferFunctionScriptingTraits (0ms)
			SetupTypeCache (241ms)
			ReleaseScriptCaches (1ms)
			RebuildScriptCaches (36ms)
			SetupLoadedEditorAssemblies (327ms)
				LogAssemblyErrors (0ms)
				InitializePlatformSupportModulesInManaged (4ms)
				SetLoadedEditorAssemblies (0ms)
				RefreshPlugins (0ms)
				BeforeProcessingInitializeOnLoad (60ms)
				ProcessInitializeOnLoadAttributes (253ms)
				ProcessInitializeOnLoadMethodAttributes (3ms)
				AfterProcessingInitializeOnLoad (6ms)
				EditorAssembliesLoaded (0ms)
			ExecutionOrderSort2 (0ms)
			AwakeInstancesAfterBackupRestoration (6ms)
Platform modules already initialized, skipping
Refreshing native plugins compatible for Editor in 0.40 ms, found 2 plugins.
Preloading 0 native plugins for Editor in 0.00 ms.
Unloading 1538 Unused Serialized files (Serialized files now loaded: 0)
System memory in use before: 74.7 MB.
System memory in use after: 74.9 MB.

Unloading 14 unused Assets to reduce memory usage. Loaded Objects now: 1994.
Total: 2.290700 ms (FindLiveObjects: 0.117200 ms CreateObjectMapping: 0.039900 ms MarkObjects: 2.118600 ms  DeleteObjects: 0.014200 ms)

AssetImportParameters requested are different than current active one (requested -> active):
  custom:framework-win-MediaFoundation: 216162199b28c13a410421893ffa2e32 -> 
  custom:video-decoder-ogg-theora: a1e56fd34408186e4bbccfd4996cb3dc -> 
  custom:container-muxer-webm: aa71ff27fc2769a1b78a27578f13a17b -> 
  custom:container-demuxer-webm: 4f35f7cbe854078d1ac9338744f61a02 -> 
  custom:container-demuxer-ogg: 62fdf1f143b41e24485cea50d1cbac27 -> 
  custom:video-encoder-webm-vp8: eb34c28f22e8b96e1ab97ce403110664 -> 
  custom:video-decoder-webm-vp8: 9c59270c3fd7afecdb556c50c9e8de78 -> 
  custom:audio-decoder-ogg-vorbis: bf7c407c2cedff20999df2af8eb42d56 -> 
  custom:audio-encoder-webm-vorbis: bf7c407c2cedff20999df2af8eb42d56 -> 
AssetImportWorkerClient::OnTransportError - code=2 error=End of file
